C51 COMPILER V9.54   MATRIXLED                                                             05/12/2023 13:11:22 PAGE 1   


C51 COMPILER V9.54, COMPILATION OF MODULE MATRIXLED
OBJECT MODULE PLACED IN .\Objects\MatrixLED.obj
COMPILER INVOKED BY: F:\Keil_v5\C51\BIN\C51.EXE MatrixLED.c OPTIMIZE(8,SPEED) BROWSE DEBUG OBJECTEXTEND PRINT(.\Listings
                    -\MatrixLED.lst) OBJECT(.\Objects\MatrixLED.obj)

line level    source

   1          #include <REGX52.H>
   2          #include "Delay.h"
   3          
   4          #define MATRIX_LED_PORT P0
   5          
   6          //unsigned char pointDisplay[] = {0xFF,0xAA};
   7          
   8          //重新声明特殊位P3_5
   9          sbit RCK = P3^5;        //RCLK  上升沿锁存
  10          //P3口地址为0xB0，0xB0与0x05进行异或运算得0xB5
  11          //因此该语句其实就相当于 sbit RCLK = 0xB5;
  12          //最后的操作数仍为物理地址
  13          sbit SCK = P3^6;        //SRCLK 上升沿移位
  14          sbit SER = P3^4;        //SER   
  15          
  16          /**
  17            * @brief      点阵屏初始化
  18            * @param      无
  19            * @retval     无
  20            */
  21          void matrixLED_Init(){
  22   1              SCK = 0;
  23   1              RCK = 0;
  24   1      }
  25          
  26          /**
  27            * @brief      74HC595写入一个字节
  28            * @param      要写入的字节
  29            * @retval     无
  30            */
  31          void _74HC595_WriteByte(unsigned char byte){
  32   1              /*
  33   1              SER = byte & 0x80;      //非0进1，当右侧值不为0时，就将这一位赋1
  34   1              //将传入的八位数据和1000 0000相与
  35   1              //当最高位为1时得到1000 0000，为0时得到0000 0000
  36   1              //这样就可以获得最高位的数据
  37   1              SCK = 1;
  38   1              SCK = 0;        //移位后清零，以便下次移位
  39   1              
  40   1              SER = byte & 0x40;      //获取第二高位
  41   1              SCK = 1;
  42   1              SCK = 0;
  43   1              SER = byte & 0x20;
  44   1              SCK = 1;
  45   1              SCK = 0;
  46   1              SER = byte & 0x10;
  47   1              SCK = 1;
  48   1              SCK = 0;
  49   1              SER = byte & 0x08;
  50   1              SCK = 1;
  51   1              SCK = 0;
  52   1              SER = byte & 0x04;
  53   1              SCK = 1;
  54   1              SCK = 0;
C51 COMPILER V9.54   MATRIXLED                                                             05/12/2023 13:11:22 PAGE 2   

  55   1              SER = byte & 0x02;
  56   1              SCK = 1;
  57   1              SCK = 0;
  58   1              SER = byte & 0x01;      //获取最低位
  59   1              SCK = 1;
  60   1              SCK = 0;
  61   1              */
  62   1              //使用循环语句编写，将0x80依次向右移位即可
  63   1              unsigned char i;
  64   1              for(i = 0;i < 8;i++){
  65   2                      SER = byte & (0x80 >> i);
  66   2                      SCK = 1;
  67   2                      SCK = 0;
  68   2              }
  69   1              RCK = 1;        //锁存到输出缓存
  70   1              RCK = 0;
  71   1      }
  72          
  73          /**
  74            * @brief      LED点阵屏显示一列数据
  75            * @param      column 要选择的列，范围：0-7，0在最左边； 
  76            * @param      point 选择列显示的数据（哪几个点），高位在上，1为亮，0为灭；
  77            * @retval 无
  78            */
  79          void matrixLED_ShowColumn(unsigned char column,unsigned char point){
  80   1              /*这里不需再进行枚举，也不再让column从1开始
  81   1              if(column == 1){
  82   1                      P0 = 0x7F;
  83   1              }else if(column == 2){
  84   1                      P0 = 0xBF;
  85   1              }else if(column == 3){
  86   1                      P0 = 0xDF;
  87   1              }else if(column == 4){
  88   1                      P0 = 0xEF;
  89   1              }else if(column == 5){
  90   1                      P0 = 0xF7;
  91   1              }else if(column == 6){
  92   1                      P0 = 0xFB;
  93   1              }else if(column == 7){
  94   1                      P0 = 0xFD;
  95   1              }else if(column == 8){
  96   1                      P0 = 0xFE;
  97   1              }
  98   1              */
  99   1              _74HC595_WriteByte(point);      //相当于数码管段选，所以后面需要消影操作。
 100   1              //设要显示第一列时，column = 0。显示后面几列时，就按序移位再取反即可。相当
             -于数码管位选
 101   1              MATRIX_LED_PORT = ~(0x80 >> column);
 102   1              
 103   1              //_74HC595_WriteByte(point);    //相当于数码管段选，所以后面需要消影操作。
 104   1              setTimeout(1);
 105   1              //_74HC595_WriteByte(0x00);     //段清零
 106   1              MATRIX_LED_PORT = 0xFF;         //位清零
 107   1      }


MODULE INFORMATION:   STATIC OVERLAYABLE
   CODE SIZE        =     86    ----
   CONSTANT SIZE    =   ----    ----
   XDATA SIZE       =   ----    ----
   PDATA SIZE       =   ----    ----
   DATA SIZE        =   ----    ----
C51 COMPILER V9.54   MATRIXLED                                                             05/12/2023 13:11:22 PAGE 3   

   IDATA SIZE       =   ----    ----
   BIT SIZE         =   ----    ----
END OF MODULE INFORMATION.


C51 COMPILATION COMPLETE.  0 WARNING(S),  0 ERROR(S)
