C51 COMPILER V9.54   KEY                                                                   12/18/2022 11:16:37 PAGE 1   


C51 COMPILER V9.54, COMPILATION OF MODULE KEY
OBJECT MODULE PLACED IN .\Objects\Key.obj
COMPILER INVOKED BY: F:\Keil_v5\C51\BIN\C51.EXE Key.c OPTIMIZE(8,SPEED) BROWSE DEBUG OBJECTEXTEND PRINT(.\Listings\Key.l
                    -st) OBJECT(.\Objects\Key.obj)

line level    source

   1          #include <REGX52.H>
   2          #include "Delay.h"
   3          
   4          /**
   5            * @brief  获取独立按键键码
   6            * @param  无
   7            * @retval 按下按键的键码，范围0~4，无按键按下时，返回值为0
   8            */
   9          unsigned char pressKey(){
  10   1              unsigned char keyNumber = 0;
  11   1              if(P3_1 == 0){
  12   2                      setTimeout(30);
  13   2                      while(P3_1 == 0);
  14   2                      setTimeout(30);
  15   2                      keyNumber = 1;
  16   2              }
  17   1              if(P3_0 == 0){setTimeout(30);while(P3_0 == 0);setTimeout(30);keyNumber = 2;}
  18   1              if(P3_2 == 0){setTimeout(30);while(P3_2 == 0);setTimeout(30);keyNumber = 3;}
  19   1              if(P3_3 == 0){setTimeout(30);while(P3_3 == 0);setTimeout(30);keyNumber = 4;}
  20   1              return keyNumber;
  21   1      }


MODULE INFORMATION:   STATIC OVERLAYABLE
   CODE SIZE        =     97    ----
   CONSTANT SIZE    =   ----    ----
   XDATA SIZE       =   ----    ----
   PDATA SIZE       =   ----    ----
   DATA SIZE        =   ----       1
   IDATA SIZE       =   ----    ----
   BIT SIZE         =   ----    ----
END OF MODULE INFORMATION.


C51 COMPILATION COMPLETE.  0 WARNING(S),  0 ERROR(S)
