C51 COMPILER V9.54   MAIN                                                                  12/18/2022 14:49:21 PAGE 1   


C51 COMPILER V9.54, COMPILATION OF MODULE MAIN
OBJECT MODULE PLACED IN .\Objects\main.obj
COMPILER INVOKED BY: F:\Keil_v5\C51\BIN\C51.EXE main.c OPTIMIZE(8,SPEED) BROWSE DEBUG OBJECTEXTEND PRINT(.\Listings\main
                    -.lst) OBJECT(.\Objects\main.obj)

line level    source

   1          #include <REGX52.H>
   2          #include "Key.h"
   3          #include "Timer0.h"
   4          #include "LCD1602.h"
   5          #include "Delay.h"
   6          #include "matrixKey.h"
   7          
   8          unsigned char sec;
   9          unsigned char min;
  10          unsigned char hour;
  11          unsigned char matrixKeyNum;
  12          
  13          void main(){
  14   1      
  15   1              unsigned char modifyTime = 0;
  16   1              unsigned char tempHour = 0;
  17   1              unsigned char tempMin = 0;
  18   1              unsigned char tempSec = 0;
  19   1      
  20   1              Timer0_Init();
  21   1              LCD_Init();
  22   1              LCD_ShowString(1,1,"clock:");
  23   1              
  24   1              while(1){
  25   2                      LCD_ShowNum(2,1,hour,2);
  26   2                      LCD_ShowString(2,3,":");
  27   2                      LCD_ShowNum(2,4,min,2);
  28   2                      LCD_ShowString(2,6,":");
  29   2                      LCD_ShowNum(2,7,sec,2);
  30   2                      matrixKeyNum = matrixKey();
  31   2                      if(matrixKeyNum == 15 || matrixKeyNum == 16){
  32   3                              if(matrixKeyNum == 15){
  33   4                                      TR0 = 0;
  34   4                                      /*
  35   4                                      matrixKeyNum = 0; 
  36   4                                      modifyTime++;
  37   4                                      if(modifyTime >= 4)
  38   4                                              modifyTime = 1;
  39   4                                      if(modifyTime == 1){
  40   4                                              //tempHour = hour;
  41   4                                              while(matrixKeyNum == 0 || matrixKeyNum > 2){
  42   4                                                      matrixKeyNum = matrixKey();
  43   4                                              }
  44   4                                              if(0 < matrixKeyNum <= 10){
  45   4                                                      tempHour = matrixKeyNum;
  46   4                                                      matrixKeyNum = 0;
  47   4                                                      while(matrixKeyNum == 0 || matrixKeyNum > 3){
  48   4                                                              matrixKeyNum = matrixKey();
  49   4                                                      }
  50   4                                                      hour = tempHour * 10 + matrixKeyNum; 
  51   4                                              }
  52   4                                      }else if(modifyTime == 2){
  53   4                                              min = 0;
  54   4                                      }else if(modifyTime == 3){
C51 COMPILER V9.54   MAIN                                                                  12/18/2022 14:49:21 PAGE 2   

  55   4                                              sec = 0;
  56   4                                      }
  57   4                                      */
  58   4                              }
  59   3                              if(matrixKeyNum == 16){
  60   4                                      //modifyTime = 0;
  61   4                                      TR0 = 1;
  62   4                              }
  63   3                      }
  64   2              }
  65   1      }
  66          
  67          void Timer0_Routine() interrupt 1{
  68   1              
  69   1              static unsigned int t0Count = 0;
  70   1              
  71   1              //每次T0中断后计数器值置0，因此T0计数器需重新赋值
  72   1              TL0 = 0x66;             //设置定时初值
  73   1              TH0 = 0xFC;             //设置定时初值
  74   1              
  75   1              t0Count++;
  76   1              //驱动LCD屏实时显示数字会导致比较大的延迟
  77   1              //LCD_Init();
  78   1              //LCD_ShowNum(1,1,t0Count,5);
  79   1              if(t0Count >= 1000){
  80   2                      t0Count = 0;
  81   2                      sec++;
  82   2                      if(sec >= 60){
  83   3                              sec = 0;
  84   3                              min++;
  85   3                      }
  86   2                      if(min >= 60){
  87   3                              min = 0;
  88   3                              hour++;
  89   3                      }
  90   2                      if(hour >= 24){
  91   3                              hour = 0;
  92   3                              sec = 0;
  93   3                              min = 0;
  94   3                      }
  95   2              }
  96   1      }


MODULE INFORMATION:   STATIC OVERLAYABLE
   CODE SIZE        =    210    ----
   CONSTANT SIZE    =      9    ----
   XDATA SIZE       =   ----    ----
   PDATA SIZE       =   ----    ----
   DATA SIZE        =      6       4
   IDATA SIZE       =   ----    ----
   BIT SIZE         =   ----    ----
END OF MODULE INFORMATION.


C51 COMPILATION COMPLETE.  0 WARNING(S),  0 ERROR(S)
