C51 COMPILER V9.54   0801MAIN                                                              10/21/2022 10:44:22 PAGE 1   


C51 COMPILER V9.54, COMPILATION OF MODULE 0801MAIN
OBJECT MODULE PLACED IN .\Objects\0801main.obj
COMPILER INVOKED BY: F:\Keil_v5\C51\BIN\C51.EXE 0801main.c OPTIMIZE(8,SPEED) BROWSE DEBUG OBJECTEXTEND PRINT(.\Listings\
                    -0801main.lst) OBJECT(.\Objects\0801main.obj)

line level    source

   1          #include <REGX52.H>
   2          #include <INTRINS.H>
   3          #include <stdio.h>
   4          
   5          unsigned char LEDStatus = 0x01;
   6          
   7          void setTimeout(int delayTime)          //@11.0592MHz
   8          {
   9   1              unsigned char i, j;
  10   1      
  11   1              while(delayTime--){
  12   2                      _nop_();
  13   2                      i = 2;
  14   2                      j = 199;
  15   2                      do
  16   2                      {
  17   3                              while (--j);
  18   3                      } while (--i);
  19   2              }
  20   1              
  21   1      }
  22          
  23          void main(){
  24   1              //P2 = LEDStatus;
  25   1              P2 = ~LEDStatus;
  26   1              
  27   1              while(1){
  28   2                      if(P3_1 == 0){
  29   3                              setTimeout(30);
  30   3                              while(P3_1 == 0);
  31   3                              setTimeout(30);
  32   3                              if(LEDStatus == 0x80){
  33   4                                      LEDStatus = 0x01;
  34   4                              }else{
  35   4                                      LEDStatus = LEDStatus << 1;
  36   4                              }
  37   3                              
  38   3                              //P2 = LEDStatus;
  39   3                              P2 = ~LEDStatus;
  40   3      
  41   3                              //printf("%x\n",LEDStatus);
  42   3                              
  43   3                      }
  44   2                      if(P3_0 == 0){
  45   3                              setTimeout(30);
  46   3                              while(P3_0 == 0);
  47   3                              setTimeout(30);
  48   3                              if(LEDStatus == 0x01){
  49   4                                      LEDStatus = 0x80;
  50   4                              }else{
  51   4                                      LEDStatus = LEDStatus >> 1;     
  52   4                              }
  53   3                              
  54   3                              //P2 = LEDStatus;
C51 COMPILER V9.54   0801MAIN                                                              10/21/2022 10:44:22 PAGE 2   

  55   3                              P2 = ~LEDStatus;
  56   3                              
  57   3                      }
  58   2              }
  59   1      }


MODULE INFORMATION:   STATIC OVERLAYABLE
   CODE SIZE        =     99    ----
   CONSTANT SIZE    =   ----    ----
   XDATA SIZE       =   ----    ----
   PDATA SIZE       =   ----    ----
   DATA SIZE        =      1    ----
   IDATA SIZE       =   ----    ----
   BIT SIZE         =   ----    ----
END OF MODULE INFORMATION.


C51 COMPILATION COMPLETE.  0 WARNING(S),  0 ERROR(S)
