C51 COMPILER V9.54   1101MODULEPROGRAM                                                     10/24/2022 12:31:32 PAGE 1   


C51 COMPILER V9.54, COMPILATION OF MODULE 1101MODULEPROGRAM
OBJECT MODULE PLACED IN .\Objects\1101moduleProgram.obj
COMPILER INVOKED BY: F:\Keil_v5\C51\BIN\C51.EXE 1101moduleProgram.c OPTIMIZE(8,SPEED) BROWSE DEBUG OBJECTEXTEND PRINT(.\
                    -Listings\1101moduleProgram.lst) OBJECT(.\Objects\1101moduleProgram.obj)

line level    source

   1          
   2          #include "lampCtrl.h"
   3          
   4          void main(){
   5   1              
   6   1              while(1){
   7   2                      
   8   2                      staticDisplay(1,4);
   9   2                      staticDisplay(2,2);
  10   2                      staticDisplay(3,0);
  11   2                      staticDisplay(4,1);
  12   2                      staticDisplay(5,2);
  13   2                      staticDisplay(6,2);
  14   2                      staticDisplay(7,0);
  15   2                      staticDisplay(8,2);
  16   2              }
  17   1      }


MODULE INFORMATION:   STATIC OVERLAYABLE
   CODE SIZE        =     58    ----
   CONSTANT SIZE    =   ----    ----
   XDATA SIZE       =   ----    ----
   PDATA SIZE       =   ----    ----
   DATA SIZE        =   ----    ----
   IDATA SIZE       =   ----    ----
   BIT SIZE         =   ----    ----
END OF MODULE INFORMATION.


C51 COMPILATION COMPLETE.  0 WARNING(S),  0 ERROR(S)
