C51 COMPILER V9.54   LAMPCTRL                                                              10/24/2022 10:53:44 PAGE 1   


C51 COMPILER V9.54, COMPILATION OF MODULE LAMPCTRL
OBJECT MODULE PLACED IN .\Objects\lampCtrl.obj
COMPILER INVOKED BY: F:\Keil_v5\C51\BIN\C51.EXE lampCtrl.c OPTIMIZE(8,SPEED) BROWSE DEBUG OBJECTEXTEND PRINT(.\Listings\
                    -lampCtrl.lst) OBJECT(.\Objects\lampCtrl.obj)

line level    source

   1          #include <REGX52.H>
   2          #include <stdio.h>
   3          #include "Delay.h"
   4          
   5          unsigned char displayNumber[] = {0x3F,0x06,0x5B,0x4F,0x66,0x6D,0x7D,0x07,0x7F,0x6F};
   6          
   7          void staticDisplay(unsigned char location,unsigned char num){
   8   1              
   9   1              if(location == 1){
  10   2                      P2_4 = 0;
  11   2                      P2_3 = 0;
  12   2                      P2_2 = 0;
  13   2              }else if(location == 2){
  14   2                      P2_4 = 0;
  15   2                      P2_3 = 0;
  16   2                      P2_2 = 1;
  17   2              }else if(location == 3){
  18   2                      P2_4 = 0;
  19   2                      P2_3 = 1;
  20   2                      P2_2 = 0;
  21   2              }else if(location == 4){
  22   2                      P2_4 = 0;
  23   2                      P2_3 = 1;
  24   2                      P2_2 = 1;
  25   2              }else if(location == 5){
  26   2                      P2_4 = 1;
  27   2                      P2_3 = 0;
  28   2                      P2_2 = 0;
  29   2              }else if(location == 6){
  30   2                      P2_4 = 1;
  31   2                      P2_3 = 0;
  32   2                      P2_2 = 1;
  33   2              }else if(location == 7){
  34   2                      P2_4 = 1;
  35   2                      P2_3 = 1;
  36   2                      P2_2 = 0;
  37   2              }else if(location == 8){
  38   2                      P2_4 = 1;
  39   2                      P2_3 = 1;
  40   2                      P2_2 = 1;
  41   2              }else{
  42   2                      printf("Error!\n");
  43   2              }
  44   1              
  45   1              P0 = displayNumber[num];
  46   1              
  47   1              setTimeout(1);
  48   1              P0 = 0x00;
  49   1      }


MODULE INFORMATION:   STATIC OVERLAYABLE
   CODE SIZE        =    102    ----
   CONSTANT SIZE    =      8    ----
C51 COMPILER V9.54   LAMPCTRL                                                              10/24/2022 10:53:44 PAGE 2   

   XDATA SIZE       =   ----    ----
   PDATA SIZE       =   ----    ----
   DATA SIZE        =     10       1
   IDATA SIZE       =   ----    ----
   BIT SIZE         =   ----    ----
END OF MODULE INFORMATION.


C51 COMPILATION COMPLETE.  0 WARNING(S),  0 ERROR(S)
