C51 COMPILER V9.54   MAIN                                                                  05/03/2023 13:49:27 PAGE 1   


C51 COMPILER V9.54, COMPILATION OF MODULE MAIN
OBJECT MODULE PLACED IN .\Objects\main.obj
COMPILER INVOKED BY: F:\Keil_v5\C51\BIN\C51.EXE main.c OPTIMIZE(8,SPEED) BROWSE DEBUG OBJECTEXTEND PRINT(.\Listings\main
                    -.lst) OBJECT(.\Objects\main.obj)

line level    source

   1          #include <REGX52.H>
   2          #include "UART.h"
   3          #include "Delay.h"
   4          #include "LCD1602.h"
   5          #include "matrixKey.h"
   6          
   7          unsigned char key = 0;
   8          
   9          void main(){
  10   1              UART_Init();
  11   1              LCD_Init();
  12   1              LCD_ShowString(1,1,"RECE:");
  13   1              LCD_ShowString(2,1,"SEND:");
  14   1              
  15   1              while(1){
  16   2                      //UART_SendByte(0x77);
  17   2                      key = matrixKey();      //扫描键值
  18   2                      if(key != 0){           //键值不为0时向上位机发送此键值
  19   3                              UART_SendByte(key);
  20   3                              key = 0;                //键值清零
  21   3                      }
  22   2              }
  23   1      }
  24          
  25          void UARTInterrupt() interrupt 4{
  26   1              if(TI == 1){
  27   2                      LCD_ShowNum(2,6,key,2);         //键值发送完成后在LCD上显示发送的键值
  28   2                      //P2 = 0xF0;
  29   2              }else if(RI == 1){
  30   2                      //P2 = ~SBUF;
  31   2                      LCD_ShowHexNum(1,6,SBUF,2);     //在LCD上显示接收的16进制数
  32   2                      UART_SendByte(SBUF);            //将接收的16进制数再发送给上位机
  33   2                      //SBUF = SBUF;
  34   2                      //while(TI == 0);
  35   2                      //TI = 0;
  36   2                      RI = 0;
  37   2              }
  38   1      }
  39          
  40          /*
  41          在进入串口中断服务函数后，貌似无法再进行串口中断的嵌套。
  42          表现为：
  43          单片机接收到上位机发来的数据触发串口中断，进入到处理RI == 1时的分支语句中
             -。
  44          而后单片机在将接收到的数据再次发送给上位机时，数据发送完毕后貌似无法重
             -中断服务函数
  45          并进入到处理TI == 1的分支中。
  46          */


MODULE INFORMATION:   STATIC OVERLAYABLE
   CODE SIZE        =    151    ----
   CONSTANT SIZE    =     12    ----
   XDATA SIZE       =   ----    ----
C51 COMPILER V9.54   MAIN                                                                  05/03/2023 13:49:27 PAGE 2   

   PDATA SIZE       =   ----    ----
   DATA SIZE        =      1    ----
   IDATA SIZE       =   ----    ----
   BIT SIZE         =   ----    ----
END OF MODULE INFORMATION.


C51 COMPILATION COMPLETE.  0 WARNING(S),  0 ERROR(S)
