C51 COMPILER V9.54   1001DYNAMICDISPLAY                                                    10/22/2022 23:32:58 PAGE 1   


C51 COMPILER V9.54, COMPILATION OF MODULE 1001DYNAMICDISPLAY
OBJECT MODULE PLACED IN .\Objects\1001dynamicDisplay.obj
COMPILER INVOKED BY: F:\Keil_v5\C51\BIN\C51.EXE 1001dynamicDisplay.c OPTIMIZE(8,SPEED) BROWSE DEBUG OBJECTEXTEND PRINT(.
                    -\Listings\1001dynamicDisplay.lst) OBJECT(.\Objects\1001dynamicDisplay.obj)

line level    source

   1          #include <REGX52.H>
   2          #include <stdio.h>
   3          #include <INTRINS.H>
   4          
   5          unsigned char displayNumber[] = {0x3F,0x06,0x5B,0x4F,0x66,0x6D,0x7D,0x07,0x7F,0x6F};
   6                  
   7          void staticDisplay(unsigned char location,unsigned char num);
   8          void setTimeout(unsigned int delayTime);
   9          
  10          void main(){
  11   1              
  12   1              while(1){
  13   2                      //需要加延时函数
  14   2                      //因为数码管显示是先位选，选择哪一个数码管点亮
  15   2                      //后段选，选择该数码管中的哪几段点亮
  16   2                      //当下一次位选时，之前段选的信号还没有更新
  17   2                      //因此会在下一个点亮的数码管中留下之前段选数据的残影
  18   2                      //这样就需要消影操作
  19   2                      //先设置时延使每个数码管的数字稳定显示一毫秒
  20   2                      //此时，每个数码管显示前一数码管的段选信号只有一瞬
  21   2                      //但会再稳定显示本该它显示的数字一毫秒
  22   2                      //这样就大大降低了残影的亮度，但是仍可以观察到些许的残影
  23   2                      //所以在此基础上再将每一次段选后的显示清零
  24   2                      //即可在下一次位选后的数码管上不留残影
  25   2                      staticDisplay(1,3);
  26   2                      //setTimeout(1);
  27   2                      staticDisplay(2,2);
  28   2                      //setTimeout(1);
  29   2                      staticDisplay(3,0);
  30   2                      //setTimeout(1);
  31   2                      staticDisplay(4,1);
  32   2                      //setTimeout(1);
  33   2                      staticDisplay(5,2);
  34   2                      //setTimeout(1);
  35   2                      staticDisplay(6,2);
  36   2                      //setTimeout(1);
  37   2                      staticDisplay(7,0);
  38   2                      //setTimeout(1);
  39   2                      staticDisplay(8,2);
  40   2                      //setTimeout(1);
  41   2              };
  42   1      }
  43          
  44          void staticDisplay(unsigned char location,unsigned char num){
  45   1              
  46   1              if(location == 1){
  47   2                      P2_4 = 0;
  48   2                      P2_3 = 0;
  49   2                      P2_2 = 0;
  50   2              }else if(location == 2){
  51   2                      P2_4 = 0;
  52   2                      P2_3 = 0;
  53   2                      P2_2 = 1;
  54   2              }else if(location == 3){
C51 COMPILER V9.54   1001DYNAMICDISPLAY                                                    10/22/2022 23:32:58 PAGE 2   

  55   2                      P2_4 = 0;
  56   2                      P2_3 = 1;
  57   2                      P2_2 = 0;
  58   2              }else if(location == 4){
  59   2                      P2_4 = 0;
  60   2                      P2_3 = 1;
  61   2                      P2_2 = 1;
  62   2              }else if(location == 5){
  63   2                      P2_4 = 1;
  64   2                      P2_3 = 0;
  65   2                      P2_2 = 0;
  66   2              }else if(location == 6){
  67   2                      P2_4 = 1;
  68   2                      P2_3 = 0;
  69   2                      P2_2 = 1;
  70   2              }else if(location == 7){
  71   2                      P2_4 = 1;
  72   2                      P2_3 = 1;
  73   2                      P2_2 = 0;
  74   2              }else if(location == 8){
  75   2                      P2_4 = 1;
  76   2                      P2_3 = 1;
  77   2                      P2_2 = 1;
  78   2              }else{
  79   2                      printf("Error!\n");
  80   2              }
  81   1              
  82   1              P0 = displayNumber[num];
  83   1              
  84   1              setTimeout(1);
  85   1              P0 = 0x00;
  86   1      }
  87          
  88          void setTimeout(unsigned int delayTime)         //@11.0592MHz
  89          {
  90   1              unsigned char i, j;
  91   1      
  92   1              while(delayTime--){
  93   2                      _nop_();
  94   2                      i = 2;
  95   2                      j = 199;
  96   2                      do
  97   2                      {
  98   3                              while (--j);
  99   3                      } while (--i);
 100   2              }
 101   1              
 102   1      }


MODULE INFORMATION:   STATIC OVERLAYABLE
   CODE SIZE        =    182    ----
   CONSTANT SIZE    =      8    ----
   XDATA SIZE       =   ----    ----
   PDATA SIZE       =   ----    ----
   DATA SIZE        =     10       1
   IDATA SIZE       =   ----    ----
   BIT SIZE         =   ----    ----
END OF MODULE INFORMATION.


C51 COMPILATION COMPLETE.  0 WARNING(S),  0 ERROR(S)
