C51 COMPILER V9.54   MAIN                                                                  10/24/2022 22:04:24 PAGE 1   


C51 COMPILER V9.54, COMPILATION OF MODULE MAIN
OBJECT MODULE PLACED IN .\Objects\main.obj
COMPILER INVOKED BY: F:\Keil_v5\C51\BIN\C51.EXE main.c OPTIMIZE(8,SPEED) BROWSE DEBUG OBJECTEXTEND PRINT(.\Listings\main
                    -.lst) OBJECT(.\Objects\main.obj)

line level    source

   1          #include <REGX52.H>
   2          #include "LCD1602.h"
   3          #include "Delay.h"
   4          
   5          void main(){
   6   1              
   7   1      //      char str[] = "keqing";
   8   1      //      char *star = str;
   9   1              
  10   1              /*
  11   1              LCD_Init();
  12   1              LCD_ShowChar(1,1,'A');
  13   1              LCD_ShowString(2,1,star);
  14   1              LCD_ShowNum(1,3,777,3);
  15   1              LCD_ShowSignedNum(1,7,-66,2);
  16   1              LCD_ShowHexNum(1,11,0xA8,2);
  17   1              LCD_ShowBinNum(2,8,0xAA,8);
  18   1              */
  19   1              
  20   1              int result = 1+1;
  21   1              LCD_Init();
  22   1              LCD_ShowNum(1,1,result,3);
  23   1              
  24   1              while(1){
  25   2                      result++;
  26   2                      setTimeout(1000);
  27   2                      LCD_ShowNum(1,1,result,3);
  28   2              }
  29   1      }


MODULE INFORMATION:   STATIC OVERLAYABLE
   CODE SIZE        =     54    ----
   CONSTANT SIZE    =   ----    ----
   XDATA SIZE       =   ----    ----
   PDATA SIZE       =   ----    ----
   DATA SIZE        =   ----       2
   IDATA SIZE       =   ----    ----
   BIT SIZE         =   ----    ----
END OF MODULE INFORMATION.


C51 COMPILATION COMPLETE.  0 WARNING(S),  0 ERROR(S)
