C51 COMPILER V9.54   MAIN                                                                  12/18/2022 09:48:06 PAGE 1   


C51 COMPILER V9.54, COMPILATION OF MODULE MAIN
OBJECT MODULE PLACED IN .\Objects\main.obj
COMPILER INVOKED BY: F:\Keil_v5\C51\BIN\C51.EXE main.c OPTIMIZE(8,SPEED) BROWSE DEBUG OBJECTEXTEND PRINT(.\Listings\main
                    -.lst) OBJECT(.\Objects\main.obj)

line level    source

   1          #include <REGX52.H>
   2          #include "Timer0.h"
   3          #include "Key.h"
   4          #include <INTRINS.H>
   5          
   6          unsigned char ledMod;
   7          
   8          void main(){
   9   1              
  10   1              unsigned char keyNum = 0;
  11   1              P2 = 0xFE;
  12   1              
  13   1              Timer0_Init();
  14   1              
  15   1              while(1){
  16   2                      //检测独立按键键值
  17   2                      keyNum = pressKey();
  18   2                      //如果检测到有独立按键被按下
  19   2                      if(keyNum != 0){
  20   3                              //如果按下K1
  21   3                              if(keyNum == 1){
  22   4                                      //LED模式自增1
  23   4                                      ledMod++;
  24   4                                      if(ledMod >= 2){
  25   5                                              //如果已经是模式1，则归零
  26   5                                              ledMod = 0;
  27   5                                      }
  28   4                              }
  29   3                              
  30   3                      }
  31   2              }
  32   1      }
  33          
  34          
  35          //该函数响应定时器0的中断，当触发T0中断时，执行该中断子程序
  36          void Timer0_Routine() interrupt 1{
  37   1              
  38   1              static unsigned int t0Count = 0;
  39   1              
  40   1              //每次T0中断后计数器值置0，因此T0计数器需重新赋值
  41   1              TL0 = 0x66;             //设置定时初值
  42   1              TH0 = 0xFC;             //设置定时初值
  43   1              
  44   1              t0Count++;
  45   1              //驱动LCD屏实时显示数字会导致比较大的延迟
  46   1              //LCD_Init();
  47   1              //LCD_ShowNum(1,1,t0Count,5);
  48   1              if(t0Count >= 500){
  49   2                      t0Count = 0;
  50   2                      if(ledMod == 0){
  51   3                              P2 = _crol_(P2,1);
  52   3                      }else if(ledMod == 1){
  53   3                              P2 = _cror_(P2,1);
  54   3                      }
C51 COMPILER V9.54   MAIN                                                                  12/18/2022 09:48:06 PAGE 2   

  55   2              }
  56   1      }


MODULE INFORMATION:   STATIC OVERLAYABLE
   CODE SIZE        =    121    ----
   CONSTANT SIZE    =   ----    ----
   XDATA SIZE       =   ----    ----
   PDATA SIZE       =   ----    ----
   DATA SIZE        =      3       1
   IDATA SIZE       =   ----    ----
   BIT SIZE         =   ----    ----
END OF MODULE INFORMATION.


C51 COMPILATION COMPLETE.  0 WARNING(S),  0 ERROR(S)
