C51 COMPILER V9.54   MAIN                                                                  04/30/2023 11:50:42 PAGE 1   


C51 COMPILER V9.54, COMPILATION OF MODULE MAIN
OBJECT MODULE PLACED IN .\Objects\main.obj
COMPILER INVOKED BY: F:\Keil_v5\C51\BIN\C51.EXE main.c OPTIMIZE(8,SPEED) BROWSE DEBUG OBJECTEXTEND PRINT(.\Listings\main
                    -.lst) OBJECT(.\Objects\main.obj)

line level    source

   1          #include <REGX52.H>
   2          #include "Delay.h"
   3          #include "UART.h"
   4          
   5          unsigned char sec = 0;
   6          
   7          void main(){
   8   1              //初始化串口配置
   9   1              UART_Init();
  10   1              //向串口发送数据
  11   1              //UART_SendByte(0x66);
  12   1              UART_SendByte(0x11);
  13   1              
  14   1              while(1){
  15   2                      //UART_SendByte(0x99);
  16   2                      UART_SendByte(sec);
  17   2                      sec++;
  18   2                      setTimeout(1000);
  19   2              }
  20   1      }
  21          
  22          /*
  23          void UartInit(void)             //4800bps@11.0592MHz
  24          {
  25                  PCON |= 0x80;           //使能波特率倍速位SMOD
  26                  SCON = 0x50;            //8位数据,可变波特率
  27                  AUXR &= 0xBF;           //定时器1时钟为Fosc/12,即12T
  28                  AUXR &= 0xFE;           //串口1选择定时器1为波特率发生器
  29                  TMOD &= 0x0F;           //清除定时器1模式位
  30                  TMOD |= 0x20;           //设定定时器1为8位自动重装方式
  31                  TL1 = 0xF4;             //设定定时初值
  32                  TH1 = 0xF4;             //设定定时器重装值
  33                  ET1 = 0;                //禁止定时器1中断
  34                  TR1 = 1;                //启动定时器1
  35          }
  36          */      
  37          
  38          /*
  39          * AUXR.0：为1时串口波特率发生器为定时器2，否则默认定时器1
  40          * AUXR.1：为1可使用内部扩展RAM
  41          * AUXR.2：（定时器2速度控制位）为1则CPU时钟不分频（1T），否则12分频
  42          * AUXR.3：（定时器0控制位）为1用作定时器，为0用作计数器
  43          * AUXR.4：为1定时器2开始计数，为0停止
  44          * AUXR.5：为1则串口1模式0通讯速度为2分频，否则12分频
  45          * AUXR.6：为1则定时器1不分频，否则12分频
  46          * AUXR.7：为1则定时器0不分频，否则12分频
  47          */


MODULE INFORMATION:   STATIC OVERLAYABLE
   CODE SIZE        =     24    ----
   CONSTANT SIZE    =   ----    ----
   XDATA SIZE       =   ----    ----
   PDATA SIZE       =   ----    ----
C51 COMPILER V9.54   MAIN                                                                  04/30/2023 11:50:42 PAGE 2   

   DATA SIZE        =      1    ----
   IDATA SIZE       =   ----    ----
   BIT SIZE         =   ----    ----
END OF MODULE INFORMATION.


C51 COMPILATION COMPLETE.  0 WARNING(S),  0 ERROR(S)
