C51 COMPILER V9.54   MAIN                                                                  12/16/2022 12:01:50 PAGE 1   


C51 COMPILER V9.54, COMPILATION OF MODULE MAIN
OBJECT MODULE PLACED IN .\Objects\main.obj
COMPILER INVOKED BY: F:\Keil_v5\C51\BIN\C51.EXE main.c OPTIMIZE(8,SPEED) BROWSE DEBUG OBJECTEXTEND PRINT(.\Listings\main
                    -.lst) OBJECT(.\Objects\main.obj)

line level    source

   1          #include <REGX52.H>
   2          #include "LCD1602.h"
   3          
   4          //定时器0初始化函数
   5          void Timer0_Init(){
   6   1              //配置定时器工作模式寄存器
   7   1              //该寄存器不可位寻址，只能整体赋值
   8   1              //将各位配置为0000 0001
   9   1              //其中将控制定时器0的低四位配置为0001
  10   1              //即定时器开关只由TR0控制，作为定时器使用，模式为16位定时器
  11   1              //TMOD = 0x01;
  12   1              //TMOD = TMOD&0xF0;
  13   1              //把TMOD的低四位清零，高四位保持不变
  14   1              //可简化为 TMOD &= 0xF0;
  15   1              //TMOD &= 0xF0;         //设置定时器模式
  16   1              //TMOD |= 0x01;         //把TMOD的高四位保持不变，低四位置0001
  17   1              
  18   1              //配置定时器控制寄存器
  19   1              //该寄存器可位寻址，可对每一位单独赋值
  20   1              //先将溢出中断标志置0
  21   1              //TF0 = 0;
  22   1              //让定时器开始工作
  23   1              //TR0 = 1;
  24   1              //给定时器高低位计数器赋初值，使其每隔1毫秒溢出一次，触发一次中断
  25   1              //只适用12MHZ晶振，其他频率晶振需要另算
  26   1              //TL0 = 0x00;           //设置定时初值
  27   1              //TH0 = 0xDC;           //设置定时初值
  28   1              
  29   1              //配置中断寄存器
  30   1              //允许T0中断
  31   1              ET0 = 1;
  32   1              //允许总中断
  33   1              EA = 1;
  34   1              //配置定时器0中断优先级
  35   1              //只设置了IP寄存器，配置T0中断为低优先级
  36   1              PT0 = 0;
  37   1              
  38   1              //AUXR &= 0x7F;         //定时器时钟12T模式
  39   1              TMOD &= 0xF0;           //设置定时器模式
  40   1              TMOD |= 0x01;           //设置定时器模式
  41   1              TL0 = 0x66;             //设置定时初值
  42   1              TH0 = 0xFC;             //设置定时初值
  43   1              TF0 = 0;                //清除TF0标志
  44   1              TR0 = 1;                //定时器0开始计时
  45   1      }
  46          
  47          void main(){
  48   1              Timer0_Init();
  49   1              
  50   1              while(1){
  51   2                      
  52   2              }
  53   1      }
  54          
C51 COMPILER V9.54   MAIN                                                                  12/16/2022 12:01:50 PAGE 2   

  55          unsigned int t0Count = 0;
  56          
  57          //该函数响应定时器0的中断，当触发T0中断时，执行该中断子程序
  58          void Timer0_Routine() interrupt 1{
  59   1              
  60   1              //每次T0中断后计数器值置0，因此T0计数器需重新赋值
  61   1              TL0 = 0x66;             //设置定时初值
  62   1              TH0 = 0xFC;             //设置定时初值
  63   1              
  64   1              t0Count++;
  65   1              //驱动LCD屏实时显示数字会导致比较大的延迟
  66   1              //LCD_Init();
  67   1              //LCD_ShowNum(1,1,t0Count,5);
  68   1              if(t0Count >= 1000){
  69   2                      t0Count = 0;
  70   2                      P2_0 = !P2_0;
  71   2              }
  72   1      }


MODULE INFORMATION:   STATIC OVERLAYABLE
   CODE SIZE        =     68    ----
   CONSTANT SIZE    =   ----    ----
   XDATA SIZE       =   ----    ----
   PDATA SIZE       =   ----    ----
   DATA SIZE        =      2    ----
   IDATA SIZE       =   ----    ----
   BIT SIZE         =   ----    ----
END OF MODULE INFORMATION.


C51 COMPILATION COMPLETE.  0 WARNING(S),  0 ERROR(S)
