C51 COMPILER V9.54   07PRESSKEYCTRLBINARY                                                  10/21/2022 00:15:20 PAGE 1   


C51 COMPILER V9.54, COMPILATION OF MODULE 07PRESSKEYCTRLBINARY
OBJECT MODULE PLACED IN .\Objects\07pressKeyCtrlBinary.obj
COMPILER INVOKED BY: F:\Keil_v5\C51\BIN\C51.EXE 07pressKeyCtrlBinary.c OPTIMIZE(8,SPEED) BROWSE DEBUG OBJECTEXTEND PRINT
                    -(.\Listings\07pressKeyCtrlBinary.lst) OBJECT(.\Objects\07pressKeyCtrlBinary.obj)

line level    source

   1          #include <REGX52.H>
   2          #include <INTRINS.H>
   3          #include <stdio.h>
   4          #include <stdlib.h>
   5          
   6          void setTimeout(unsigned int delayTime)         //@11.0592MHz
   7          {
   8   1              unsigned char i, j;
   9   1      
  10   1              while(delayTime){
  11   2                      _nop_();
  12   2                      i = 2;
  13   2                      j = 199;
  14   2                      do
  15   2                      {
  16   3                              while (--j);
  17   3                      } while (--i);
  18   2                      delayTime--;
  19   2              }
  20   1              
  21   1      }
  22          
  23          
  24          void swapRegister(){
  25   1              int temp;
  26   1              temp = P2_7;
  27   1              P2_7 = P2_0;
  28   1              P2_0 = temp;
  29   1              
  30   1              temp = P2_6;
  31   1              P2_6 = P2_1;
  32   1              P2_1 = temp;
  33   1              
  34   1              temp = P2_5;
  35   1              P2_5 = P2_2;
  36   1              P2_2 = temp;
  37   1              
  38   1              temp = P2_4;
  39   1              P2_4 = P2_3;
  40   1              P2_3 = temp;
  41   1      }
  42          
  43          
  44          /*
  45          void swapSelectRegister(int R1,int R2){
  46                  int temp;
  47                  temp = R2;
  48                  R2 = R1;
  49                  R1 = temp;
  50          }
  51          */
  52          
  53          void main(){
  54   1              //定义变量或指针变量必须在函数开始时，否则编译器会报错
C51 COMPILER V9.54   07PRESSKEYCTRLBINARY                                                  10/21/2022 00:15:20 PAGE 2   

  55   1              unsigned char ledNums = 0;
  56   1              
  57   1              while(1){
  58   2                      if(P3_1 == 0){
  59   3                              setTimeout(30);
  60   3                              while(P3_1 == 0);
  61   3                              setTimeout(30);
  62   3                              ledNums++;
  63   3                              P2 = ~ledNums;
  64   3                              swapRegister();
  65   3                      }
  66   2              }
  67   1      }


MODULE INFORMATION:   STATIC OVERLAYABLE
   CODE SIZE        =    102    ----
   CONSTANT SIZE    =   ----    ----
   XDATA SIZE       =   ----    ----
   PDATA SIZE       =   ----    ----
   DATA SIZE        =   ----    ----
   IDATA SIZE       =   ----    ----
   BIT SIZE         =   ----    ----
END OF MODULE INFORMATION.


C51 COMPILATION COMPLETE.  0 WARNING(S),  0 ERROR(S)
