C51 COMPILER V9.54   MAIN                                                                  05/03/2023 00:19:39 PAGE 1   


C51 COMPILER V9.54, COMPILATION OF MODULE MAIN
OBJECT MODULE PLACED IN .\Objects\main.obj
COMPILER INVOKED BY: F:\Keil_v5\C51\BIN\C51.EXE main.c OPTIMIZE(8,SPEED) BROWSE DEBUG OBJECTEXTEND PRINT(.\Listings\main
                    -.lst) OBJECT(.\Objects\main.obj)

line level    source

   1          #include <REGX52.H>
   2          #include "Delay.h"
   3          #include "UART.h"
   4          #include "matrixKey.h"
   5          #include "LCD1602.h"
   6          
   7          unsigned int receiveChar = 0;
   8          
   9          void main(){
  10   1              unsigned char key;
  11   1              unsigned char sec = 0;
  12   1              UART_Init();
  13   1              LCD_Init();
  14   1              
  15   1              while(1){
  16   2                      key = matrixKey();
  17   2                      if(key == 16){
  18   3                              UART_SendByte(sec);
  19   3                              sec++;
  20   3                              key = 0;
  21   3                      }
  22   2                      //setTimeout(1000);
  23   2              }
  24   1      }
  25          
  26          //串口中断服务函数
  27          void UART_Routine() interrupt 4{
  28   1              //char receiveChar = 0;
  29   1              
  30   1              if(TI == 1){
  31   2                      P2 = 0x0F;
  32   2                      //TI = 0; 不应在此将TI置0，否则将与UART_SendByte函数中循环语句冲突，会进入死循
             -环。
  33   2              }else if (RI == 1){
  34   2                      //P2 = 0xF0;
  35   2                      receiveChar = SBUF;
  36   2                      LCD_ShowHexNum(1,1,receiveChar,2);
  37   2                      RI = 0;
  38   2              }
  39   1      }


MODULE INFORMATION:   STATIC OVERLAYABLE
   CODE SIZE        =    116    ----
   CONSTANT SIZE    =   ----    ----
   XDATA SIZE       =   ----    ----
   PDATA SIZE       =   ----    ----
   DATA SIZE        =      2       1
   IDATA SIZE       =   ----    ----
   BIT SIZE         =   ----    ----
END OF MODULE INFORMATION.


C51 COMPILATION COMPLETE.  0 WARNING(S),  0 ERROR(S)
