C51 COMPILER V9.54   0901STATICDISPLAY                                                     10/22/2022 11:14:48 PAGE 1   


C51 COMPILER V9.54, COMPILATION OF MODULE 0901STATICDISPLAY
OBJECT MODULE PLACED IN .\Objects\0901staticDisplay.obj
COMPILER INVOKED BY: F:\Keil_v5\C51\BIN\C51.EXE 0901staticDisplay.c OPTIMIZE(8,SPEED) BROWSE DEBUG OBJECTEXTEND PRINT(.\
                    -Listings\0901staticDisplay.lst) OBJECT(.\Objects\0901staticDisplay.obj)

line level    source

   1          #include <REGX52.H>
   2          #include <stdio.h>
   3          #include <INTRINS.H>
   4          
   5          void staticDisplay(unsigned char location,unsigned char num);
   6          void setTimeout(int delayTime);
   7          
   8          void main(){
   9   1              //由高位到低位
  10   1      //      P2_4 = 1;
  11   1      //      P2_3 = 0;
  12   1      //      P2_2 = 0;
  13   1              /*
  14   1              P0_0 = 1;
  15   1              P0_1 = 0;
  16   1              P0_2 = 1;
  17   1              P0_3 = 1;
  18   1              P0_4 = 1;
  19   1              P0_5 = 1;
  20   1              P0_6 = 1;
  21   1              P0_7 = 0;
  22   1              */
  23   1              //P0 = 0x7D;
  24   1              
  25   1              while(1){
  26   2                      staticDisplay(1,1);
  27   2                      setTimeout(500);
  28   2                      staticDisplay(2,2);
  29   2                      setTimeout(500);
  30   2                      staticDisplay(3,3);
  31   2                      setTimeout(500);
  32   2                      staticDisplay(4,4);
  33   2                      setTimeout(500);
  34   2                      staticDisplay(5,5);
  35   2                      setTimeout(500);
  36   2                      staticDisplay(6,6);
  37   2                      setTimeout(500);
  38   2                      staticDisplay(7,7);
  39   2                      setTimeout(500);
  40   2                      staticDisplay(8,8);
  41   2                      setTimeout(500);
  42   2              };
  43   1      }
  44          
  45          void staticDisplay(unsigned char location,unsigned char num){
  46   1              
  47   1              if(location == 1){
  48   2                      P2_4 = 0;
  49   2                      P2_3 = 0;
  50   2                      P2_2 = 0;
  51   2              }else if(location == 2){
  52   2                      P2_4 = 0;
  53   2                      P2_3 = 0;
  54   2                      P2_2 = 1;
C51 COMPILER V9.54   0901STATICDISPLAY                                                     10/22/2022 11:14:48 PAGE 2   

  55   2              }else if(location == 3){
  56   2                      P2_4 = 0;
  57   2                      P2_3 = 1;
  58   2                      P2_2 = 0;
  59   2              }else if(location == 4){
  60   2                      P2_4 = 0;
  61   2                      P2_3 = 1;
  62   2                      P2_2 = 1;
  63   2              }else if(location == 5){
  64   2                      P2_4 = 1;
  65   2                      P2_3 = 0;
  66   2                      P2_2 = 0;
  67   2              }else if(location == 6){
  68   2                      P2_4 = 1;
  69   2                      P2_3 = 0;
  70   2                      P2_2 = 1;
  71   2              }else if(location == 7){
  72   2                      P2_4 = 1;
  73   2                      P2_3 = 1;
  74   2                      P2_2 = 0;
  75   2              }else if(location == 8){
  76   2                      P2_4 = 1;
  77   2                      P2_3 = 1;
  78   2                      P2_2 = 1;
  79   2              }else{
  80   2                      printf("输入的数据非法!\n");
  81   2              }
  82   1              
  83   1              if(num == 0){
  84   2                      P0 = 0x3F;
  85   2              }else if(num == 1){
  86   2                      P0 = 0x06;
  87   2              }else if(num == 2){
  88   2                      P0 = 0x5B;
  89   2              }else if(num == 3){
  90   2                      P0 = 0x4F;
  91   2              }else if(num == 4){
  92   2                      P0 = 0x66;
  93   2              }else if(num == 5){
  94   2                      P0 = 0x6D;
  95   2              }else if(num == 6){
  96   2                      P0 = 0x7D;
  97   2              }else if(num == 7){
  98   2                      P0 = 0x07;
  99   2              }else if(num == 8){
 100   2                      P0 = 0x7F;
 101   2              }else if(num == 9){
 102   2                      P0 = 0x6F;
 103   2              }else{
 104   2                      printf("输入的数据非法!\n");
 105   2              }
 106   1      }
 107          
 108          void setTimeout(int delayTime)          //@11.0592MHz
 109          {
 110   1              unsigned char i, j;
 111   1      
 112   1              while(delayTime--){
 113   2                      _nop_();
 114   2                      i = 2;
 115   2                      j = 199;
 116   2                      do
C51 COMPILER V9.54   0901STATICDISPLAY                                                     10/22/2022 11:14:48 PAGE 3   

 117   2                      {
 118   3                              while (--j);
 119   3                      } while (--i);
 120   2              }
 121   1              
 122   1      }


MODULE INFORMATION:   STATIC OVERLAYABLE
   CODE SIZE        =    290    ----
   CONSTANT SIZE    =     16    ----
   XDATA SIZE       =   ----    ----
   PDATA SIZE       =   ----    ----
   DATA SIZE        =   ----       1
   IDATA SIZE       =   ----    ----
   BIT SIZE         =   ----    ----
END OF MODULE INFORMATION.


C51 COMPILATION COMPLETE.  0 WARNING(S),  0 ERROR(S)
