C51 COMPILER V9.54   MAIN                                                                  11/05/2022 11:27:51 PAGE 1   


C51 COMPILER V9.54, COMPILATION OF MODULE MAIN
OBJECT MODULE PLACED IN .\Objects\main.obj
COMPILER INVOKED BY: F:\Keil_v5\C51\BIN\C51.EXE main.c OPTIMIZE(8,SPEED) BROWSE DEBUG OBJECTEXTEND PRINT(.\Listings\main
                    -.lst) OBJECT(.\Objects\main.obj)

line level    source

   1          
   2          #include "LCD1602.h"
   3          #include "matrixKey.h"
   4          
   5          unsigned char keyNum = 0;
   6          
   7          void main(){
   8   1              
   9   1              LCD_Init();
  10   1              LCD_ShowString(1,1,"MatrixKey!");
  11   1              LCD_ShowNum(2,1,keyNum,3);
  12   1              while(1){
  13   2                      //不断地扫描矩阵键盘并给keyNum赋值
  14   2                      keyNum = matrixKey();
  15   2                      //只有当keyNum不为0时刷新LCD屏
  16   2                      if(keyNum){
  17   3                              LCD_ShowNum(2,1,keyNum,3);
  18   3                      }
  19   2              }
  20   1      }


MODULE INFORMATION:   STATIC OVERLAYABLE
   CODE SIZE        =     55    ----
   CONSTANT SIZE    =     11    ----
   XDATA SIZE       =   ----    ----
   PDATA SIZE       =   ----    ----
   DATA SIZE        =      1    ----
   IDATA SIZE       =   ----    ----
   BIT SIZE         =   ----    ----
END OF MODULE INFORMATION.


C51 COMPILATION COMPLETE.  0 WARNING(S),  0 ERROR(S)
