C51 COMPILER V9.54   0201LEDFLASH                                                          10/19/2022 11:46:26 PAGE 1   


C51 COMPILER V9.54, COMPILATION OF MODULE 0201LEDFLASH
OBJECT MODULE PLACED IN .\Objects\0201LEDFlash.obj
COMPILER INVOKED BY: F:\Keil_v5\C51\BIN\C51.EXE 0201LEDFlash.c OPTIMIZE(8,SPEED) BROWSE DEBUG OBJECTEXTEND PRINT(.\Listi
                    -ngs\0201LEDFlash.lst) TABS(2) OBJECT(.\Objects\0201LEDFlash.obj)

line level    source

   1          #include <REGX52.H>
   2          #include <INTRINS.H>
   3          
   4          void Delay500ms()   //@11.0592MHz
   5          {
   6   1        unsigned char i, j, k;
   7   1      
   8   1        _nop_();
   9   1        i = 4;
  10   1        j = 129;
  11   1        k = 119;
  12   1        do
  13   1        {
  14   2          do
  15   2          {
  16   3            while (--k);
  17   3          } while (--j);
  18   2        } while (--i);
  19   1      }
  20          
  21          
  22          void main(){
  23   1        
  24   1        while(1){
  25   2          P2 = 0x00;
  26   2          Delay500ms();
  27   2          P2 = 0xFF;
  28   2          Delay500ms();
  29   2        }
  30   1        
  31   1      }


MODULE INFORMATION:   STATIC OVERLAYABLE
   CODE SIZE        =     28    ----
   CONSTANT SIZE    =   ----    ----
   XDATA SIZE       =   ----    ----
   PDATA SIZE       =   ----    ----
   DATA SIZE        =   ----    ----
   IDATA SIZE       =   ----    ----
   BIT SIZE         =   ----    ----
END OF MODULE INFORMATION.


C51 COMPILATION COMPLETE.  0 WARNING(S),  0 ERROR(S)
