C51 COMPILER V9.54   0601PRESSKEYCTRLSTATUS                                                10/20/2022 23:03:02 PAGE 1   


C51 COMPILER V9.54, COMPILATION OF MODULE 0601PRESSKEYCTRLSTATUS
OBJECT MODULE PLACED IN .\Objects\0601pressKeyCtrlStatus.obj
COMPILER INVOKED BY: F:\Keil_v5\C51\BIN\C51.EXE 0601pressKeyCtrlStatus.c OPTIMIZE(8,SPEED) BROWSE DEBUG OBJECTEXTEND PRI
                    -NT(.\Listings\0601pressKeyCtrlStatus.lst) OBJECT(.\Objects\0601pressKeyCtrlStatus.obj)

line level    source

   1          #include <REGX52.H>
   2          #include <INTRINS.H>
   3          
   4          void setTimeout(unsigned int delayTime)         //@11.0592MHz
   5          {
   6   1              unsigned char i, j;
   7   1      
   8   1              while(delayTime){
   9   2                      _nop_();
  10   2                      i = 2;
  11   2                      j = 199;
  12   2                      do
  13   2                      {
  14   3                              while (--j);
  15   3                      } while (--i);
  16   2                      delayTime--;
  17   2              }
  18   1              
  19   1      }
  20          
  21          
  22          void main(){
  23   1              //触点按下后会发生信号抖动，需要软件消抖
  24   1              while(1){
  25   2                      //按下按钮
  26   2                      if(P3_1 == 0){
  27   3                              setTimeout(30);//消抖
  28   3                              //按下时一直循环
  29   3                              while(P3_1 == 0){
  30   4                              }
  31   3                              setTimeout(30);
  32   3                              //如不消抖，则会重新执行if语句再次取反。
  33   3                              //松开后P20口寄存器取反
  34   3                              P2_0 = !P2_0;
  35   3                              P2_1 = !P2_1;
  36   3                              P2_2 = !P2_2;
  37   3                      }
  38   2              }
  39   1              
  40   1      }


MODULE INFORMATION:   STATIC OVERLAYABLE
   CODE SIZE        =     49    ----
   CONSTANT SIZE    =   ----    ----
   XDATA SIZE       =   ----    ----
   PDATA SIZE       =   ----    ----
   DATA SIZE        =   ----    ----
   IDATA SIZE       =   ----    ----
   BIT SIZE         =   ----    ----
END OF MODULE INFORMATION.


C51 COMPILATION COMPLETE.  0 WARNING(S),  0 ERROR(S)
