C51 COMPILER V9.54   MATRIXKEY                                                             11/06/2022 12:23:32 PAGE 1   


C51 COMPILER V9.54, COMPILATION OF MODULE MATRIXKEY
OBJECT MODULE PLACED IN .\Objects\matrixKey.obj
COMPILER INVOKED BY: F:\Keil_v5\C51\BIN\C51.EXE matrixKey.c OPTIMIZE(8,SPEED) BROWSE DEBUG OBJECTEXTEND PRINT(.\Listings
                    -\matrixKey.lst) OBJECT(.\Objects\matrixKey.obj)

line level    source

   1          #include <REGX52.H>
   2          #include "Delay.h"
   3          
   4          /**
   5            * @brief  矩阵键盘读取按键键码
   6            * @param  无
   7            * @retval keyNumber为按下按键的键码值
   8                              若按键按下不放，程序会停留在此函数，
   9                                  松手的一瞬间返回按键键码。
  10                                  没有按键按下时返回0。
  11            */
  12          unsigned char matrixKey(){
  13   1              
  14   1              unsigned char keyNumber = 0;
  15   1              
  16   1              P1 = 0xFF;      
  17   1              P1_3 = 0;
  18   1              if(P1_7 == 0){
  19   2                      setTimeout(30);
  20   2                      while(P1_7 == 0);
  21   2                      setTimeout(30);
  22   2                      keyNumber = 1;
  23   2              }
  24   1              if(P1_6 == 0){
  25   2                      setTimeout(30);
  26   2                      while(P1_6 == 0);
  27   2                      setTimeout(30);
  28   2                      keyNumber = 5;
  29   2              }
  30   1              if(P1_5 == 0){
  31   2                      setTimeout(30);
  32   2                      while(P1_5 == 0);
  33   2                      setTimeout(30);
  34   2                      keyNumber = 9;
  35   2              }
  36   1              if(P1_4 == 0){
  37   2                      setTimeout(30);
  38   2                      while(P1_4 == 0);
  39   2                      setTimeout(30);
  40   2                      keyNumber = 13;
  41   2              }
  42   1              
  43   1              P1 = 0xFF;
  44   1              P1_2 = 0;
  45   1              if(P1_7 == 0){setTimeout(30);while(P1_7 == 0);setTimeout(30);keyNumber = 2;}
  46   1              if(P1_6 == 0){setTimeout(30);while(P1_6 == 0);setTimeout(30);keyNumber = 6;}
  47   1              if(P1_5 == 0){setTimeout(30);while(P1_5 == 0);setTimeout(30);keyNumber = 10;}
  48   1              if(P1_4 == 0){setTimeout(30);while(P1_4 == 0);setTimeout(30);keyNumber = 14;}
  49   1              
  50   1              P1 = 0xFF;
  51   1              P1_1 = 0;
  52   1              if(P1_7 == 0){setTimeout(30);while(P1_7 == 0);setTimeout(30);keyNumber = 3;}
  53   1              if(P1_6 == 0){setTimeout(30);while(P1_6 == 0);setTimeout(30);keyNumber = 7;}
  54   1              if(P1_5 == 0){setTimeout(30);while(P1_5 == 0);setTimeout(30);keyNumber = 11;}
C51 COMPILER V9.54   MATRIXKEY                                                             11/06/2022 12:23:32 PAGE 2   

  55   1              if(P1_4 == 0){setTimeout(30);while(P1_4 == 0);setTimeout(30);keyNumber = 15;}
  56   1              
  57   1              P1 = 0xFF;
  58   1              P1_0 = 0;
  59   1              if(P1_7 == 0){setTimeout(30);while(P1_7 == 0);setTimeout(30);keyNumber = 4;}
  60   1              if(P1_6 == 0){setTimeout(30);while(P1_6 == 0);setTimeout(30);keyNumber = 8;}
  61   1              if(P1_5 == 0){setTimeout(30);while(P1_5 == 0);setTimeout(30);keyNumber = 12;}
  62   1              if(P1_4 == 0){setTimeout(30);while(P1_4 == 0);setTimeout(30);keyNumber = 16;}
  63   1              
  64   1              return keyNumber;
  65   1      }


MODULE INFORMATION:   STATIC OVERLAYABLE
   CODE SIZE        =    393    ----
   CONSTANT SIZE    =   ----    ----
   XDATA SIZE       =   ----    ----
   PDATA SIZE       =   ----    ----
   DATA SIZE        =   ----       1
   IDATA SIZE       =   ----    ----
   BIT SIZE         =   ----    ----
END OF MODULE INFORMATION.


C51 COMPILATION COMPLETE.  0 WARNING(S),  0 ERROR(S)
