C51 COMPILER V9.54   0301RUNNINGWATER                                                      10/19/2022 12:05:03 PAGE 1   


C51 COMPILER V9.54, COMPILATION OF MODULE 0301RUNNINGWATER
OBJECT MODULE PLACED IN .\Objects\0301runningWater.obj
COMPILER INVOKED BY: F:\Keil_v5\C51\BIN\C51.EXE 0301runningWater.c OPTIMIZE(8,SPEED) BROWSE DEBUG OBJECTEXTEND PRINT(.\L
                    -istings\0301runningWater.lst) TABS(2) OBJECT(.\Objects\0301runningWater.obj)

line level    source

   1          #include <REGX52.H>
   2          #include <INTRINS.H>
   3          
   4          void runningWater();
   5          void Delay500ms();
   6          
   7          void main(){
   8   1        runningWater();
   9   1      }
  10          
  11          void runningWater(){
  12   1        while(1){
  13   2          P2 = 0xFE;
  14   2          Delay500ms();
  15   2          P2 = 0xFD;
  16   2          Delay500ms();
  17   2          P2 = 0xFB;
  18   2          Delay500ms();
  19   2          P2 = 0xF7;
  20   2          Delay500ms();
  21   2          P2 = 0xEF;
  22   2          Delay500ms();
  23   2          P2 = 0xDF;
  24   2          Delay500ms();
  25   2          P2 = 0xBF;
  26   2          Delay500ms();
  27   2          P2 = 0x7F;
  28   2          Delay500ms();
  29   2        }
  30   1        
  31   1      }
  32          
  33          void Delay500ms()   //@11.0592MHz
  34          {
  35   1        unsigned char i, j, k;
  36   1      
  37   1        _nop_();
  38   1        i = 4;
  39   1        j = 129;
  40   1        k = 119;
  41   1        do
  42   1        {
  43   2          do
  44   2          {
  45   3            while (--k);
  46   3          } while (--j);
  47   2        } while (--i);
  48   1      }


MODULE INFORMATION:   STATIC OVERLAYABLE
   CODE SIZE        =     67    ----
   CONSTANT SIZE    =   ----    ----
   XDATA SIZE       =   ----    ----
C51 COMPILER V9.54   0301RUNNINGWATER                                                      10/19/2022 12:05:03 PAGE 2   

   PDATA SIZE       =   ----    ----
   DATA SIZE        =   ----    ----
   IDATA SIZE       =   ----    ----
   BIT SIZE         =   ----    ----
END OF MODULE INFORMATION.


C51 COMPILATION COMPLETE.  0 WARNING(S),  0 ERROR(S)
